0 info it worked if it ends with ok
1 verbose cli [ '/usr/local/bin/node', '/usr/local/bin/npm', 'run', 'buildp' ]
2 info using npm@3.10.10
3 info using node@v6.11.5
4 verbose run-script [ 'prebuildp', 'buildp', 'postbuildp' ]
5 info lifecycle red-team@0.2.0~prebuildp: red-team@0.2.0
6 silly lifecycle red-team@0.2.0~prebuildp: no script for prebuildp, continuing
7 info lifecycle red-team@0.2.0~buildp: red-team@0.2.0
8 verbose lifecycle red-team@0.2.0~buildp: unsafe-perm in lifecycle true
9 verbose lifecycle red-team@0.2.0~buildp: PATH: /usr/local/lib/node_modules/npm/bin/node-gyp-bin:/Users/Anu/Desktop/CMPS115/LFGames/red-team/node_modules/.bin:/usr/local/bin:/usr/bin:/bin:/usr/sbin:/sbin:/Library/TeX/texbin:/afs/cats.ucsc.edu/courses/cmps112-wm/usr/racket/bin
10 verbose lifecycle red-team@0.2.0~buildp: CWD: /Users/Anu/Desktop/CMPS115/LFGames/red-team
11 silly lifecycle red-team@0.2.0~buildp: Args: [ '-c', 'webpack -p' ]
12 silly lifecycle red-team@0.2.0~buildp: Returned: code: 2  signal: null
13 info lifecycle red-team@0.2.0~buildp: Failed to exec buildp script
14 verbose stack Error: red-team@0.2.0 buildp: `webpack -p`
14 verbose stack Exit status 2
14 verbose stack     at EventEmitter.<anonymous> (/usr/local/lib/node_modules/npm/lib/utils/lifecycle.js:255:16)
14 verbose stack     at emitTwo (events.js:106:13)
14 verbose stack     at EventEmitter.emit (events.js:191:7)
14 verbose stack     at ChildProcess.<anonymous> (/usr/local/lib/node_modules/npm/lib/utils/spawn.js:40:14)
14 verbose stack     at emitTwo (events.js:106:13)
14 verbose stack     at ChildProcess.emit (events.js:191:7)
14 verbose stack     at maybeClose (internal/child_process.js:920:16)
14 verbose stack     at Process.ChildProcess._handle.onexit (internal/child_process.js:230:5)
15 verbose pkgid red-team@0.2.0
16 verbose cwd /Users/Anu/Desktop/CMPS115/LFGames/red-team
17 error Darwin 17.2.0
18 error argv "/usr/local/bin/node" "/usr/local/bin/npm" "run" "buildp"
19 error node v6.11.5
20 error npm  v3.10.10
21 error code ELIFECYCLE
22 error red-team@0.2.0 buildp: `webpack -p`
22 error Exit status 2
23 error Failed at the red-team@0.2.0 buildp script 'webpack -p'.
23 error Make sure you have the latest version of node.js and npm installed.
23 error If you do, this is most likely a problem with the red-team package,
23 error not with npm itself.
23 error Tell the author that this fails on your system:
23 error     webpack -p
23 error You can get information on how to open an issue for this project with:
23 error     npm bugs red-team
23 error Or if that isn't available, you can get their info via:
23 error     npm owner ls red-team
23 error There is likely additional logging output above.
24 verbose exit [ 1, true ]
